<?xml version="1.0" encoding="UTF-8"?>
<!-- Generated by org.testng.reporters.JUnitReportReporter -->
<testsuite skipped="0" hostname="DESKTOP-A2435EO" name="com.training.regression.tests.ELTC_066_Tests_Teacher_Student" tests="6" failures="0" timestamp="19 Sep 2019 20:35:37 GMT" time="215.959" errors="0">
  <testcase name="createTestByTeacher" time="23.542" classname="com.training.regression.tests.ELTC_066_Tests_Teacher_Student"/>
  <testcase name="addQuestions" time="47.322" classname="com.training.regression.tests.ELTC_066_Tests_Teacher_Student"/>
  <testcase name="addQuestions" time="46.723" classname="com.training.regression.tests.ELTC_066_Tests_Teacher_Student"/>
  <testcase name="verifyAlertandPreview" time="1.441" classname="com.training.regression.tests.ELTC_066_Tests_Teacher_Student"/>
  <testcase name="startTest" time="22.290" classname="com.training.regression.tests.ELTC_066_Tests_Teacher_Student"/>
  <testcase name="verifyAsAdmin" time="74.641" classname="com.training.regression.tests.ELTC_066_Tests_Teacher_Student"/>
</testsuite> <!-- com.training.regression.tests.ELTC_066_Tests_Teacher_Student -->
