<?xml version="1.0" encoding="UTF-8"?>
<!-- Generated by org.testng.reporters.JUnitReportReporter -->
<testsuite skipped="0" hostname="DESKTOP-A2435EO" name="com.training.sanity.tests.LoginTests" tests="1" failures="0" timestamp="04 Sep 2019 19:02:04 GMT" time="23.225" errors="0">
  <testcase name="validLoginTest" time="23.225" classname="com.training.sanity.tests.LoginTests"/>
</testsuite> <!-- com.training.sanity.tests.LoginTests -->
