<?xml version="1.0" encoding="UTF-8"?>
<!-- Generated by org.testng.reporters.JUnitReportReporter -->
<testsuite skipped="0" hostname="DESKTOP-A2435EO" name="com.training.regression.tests.LoginExcelTest" tests="2" failures="0" timestamp="18 Sep 2019 12:36:16 GMT" time="44.632" errors="0">
  <testcase name="loginDBTest" time="32.745" classname="com.training.regression.tests.LoginExcelTest"/>
  <testcase name="loginDBTest" time="11.887" classname="com.training.regression.tests.LoginExcelTest"/>
</testsuite> <!-- com.training.regression.tests.LoginExcelTest -->
