<?xml version="1.0" encoding="UTF-8"?>
<!-- Generated by org.testng.reporters.JUnitReportReporter -->
<testsuite skipped="0" hostname="DESKTOP-A2435EO" name="com.training.regression.tests.ELTC_064_createCouerseComplex" tests="4" failures="0" timestamp="19 Sep 2019 22:23:56 GMT" time="96.008" errors="0">
  <testcase name="createCourse" time="13.760" classname="com.training.regression.tests.ELTC_064_createCouerseComplex"/>
  <testcase name="addDetailsToCourse" time="60.690" classname="com.training.regression.tests.ELTC_064_createCouerseComplex"/>
  <testcase name="subscribeCourse" time="10.585" classname="com.training.regression.tests.ELTC_064_createCouerseComplex"/>
  <testcase name="verifyDetailAsAdmin" time="10.973" classname="com.training.regression.tests.ELTC_064_createCouerseComplex"/>
</testsuite> <!-- com.training.regression.tests.ELTC_064_createCouerseComplex -->
