<?xml version="1.0" encoding="UTF-8"?>
<!-- Generated by org.testng.reporters.JUnitReportReporter -->
<testsuite skipped="0" hostname="DESKTOP-A2435EO" name="com.training.regression.tests.LoginDBTest" tests="2" failures="0" timestamp="05 Sep 2019 05:58:51 GMT" time="34.662" errors="0">
  <testcase name="loginDBTest" time="19.618" classname="com.training.regression.tests.LoginDBTest"/>
  <testcase name="loginDBTest" time="15.044" classname="com.training.regression.tests.LoginDBTest"/>
</testsuite> <!-- com.training.regression.tests.LoginDBTest -->
