<?xml version="1.0" encoding="UTF-8"?>
<!-- Generated by org.testng.reporters.JUnitReportReporter -->
<testsuite skipped="0" hostname="DESKTOP-A2435EO" name="com.training.regression.tests.ELTC_065_TestsByTeacherComplex" tests="6" failures="0" timestamp="19 Sep 2019 15:07:47 GMT" time="410.946" errors="0">
  <testcase name="createTestByTeacher" time="46.310" classname="com.training.regression.tests.ELTC_065_TestsByTeacherComplex"/>
  <testcase name="addQuestions" time="89.116" classname="com.training.regression.tests.ELTC_065_TestsByTeacherComplex"/>
  <testcase name="addQuestions" time="88.870" classname="com.training.regression.tests.ELTC_065_TestsByTeacherComplex"/>
  <testcase name="addQuestions" time="89.679" classname="com.training.regression.tests.ELTC_065_TestsByTeacherComplex"/>
  <testcase name="addQuestions" time="90.940" classname="com.training.regression.tests.ELTC_065_TestsByTeacherComplex"/>
  <testcase name="verifyAlertandPreview" time="6.031" classname="com.training.regression.tests.ELTC_065_TestsByTeacherComplex"/>
</testsuite> <!-- com.training.regression.tests.ELTC_065_TestsByTeacherComplex -->
